# JRE version: OpenJDK Runtime Environment (8.0_422-b06) (build 1.8.0_422-b06)
# Java VM: OpenJDK 64-Bit Server VM (25.422-b06 mixed mode windows-amd64 compressed oops)
Heap:
 PSYoungGen      total 367616K, used 248713K [0x0000000780980000, 0x000000079ec80000, 0x00000007c0000000)
  eden space 323584K, 63% used [0x0000000780980000,0x000000078d162bb0,0x0000000794580000)
  from space 44032K, 99% used [0x0000000797c80000,0x000000079a77f960,0x000000079a780000)
  to   space 56320K, 0% used [0x0000000794580000,0x0000000794580000,0x0000000797c80000)
 ParOldGen       total 202240K, used 100353K [0x0000000701c00000, 0x000000070e180000, 0x0000000780980000)
  object space 202240K, 49% used [0x0000000701c00000,0x0000000707e00760,0x000000070e180000)
 Metaspace       used 28894K, capacity 29169K, committed 29568K, reserved 1075200K
  class space    used 3570K, capacity 3669K, committed 3712K, reserved 1048576K
GC Heap History (10 events):
Event: 8.676 GC heap before
{Heap before GC invocations=11 (full 2):
 PSYoungGen      total 197120K, used 181248K [0x0000000780980000, 0x000000078d980000, 0x00000007c0000000)
  eden space 181248K, 100% used [0x0000000780980000,0x000000078ba80000,0x000000078ba80000)
  from space 15872K, 0% used [0x000000078ca00000,0x000000078ca00000,0x000000078d980000)
  to   space 15872K, 0% used [0x000000078ba80000,0x000000078ba80000,0x000000078ca00000)
 ParOldGen       total 96768K, used 23736K [0x0000000701c00000, 0x0000000707a80000, 0x0000000780980000)
  object space 96768K, 24% used [0x0000000701c00000,0x000000070332e3e0,0x0000000707a80000)
 Metaspace       used 25336K, capacity 25609K, committed 26112K, reserved 1073152K
  class space    used 3132K, capacity 3211K, committed 3328K, reserved 1048576K
Event: 8.691 GC heap after
Heap after GC invocations=11 (full 2):
 PSYoungGen      total 197120K, used 9563K [0x0000000780980000, 0x0000000794680000, 0x00000007c0000000)
  eden space 181248K, 0% used [0x0000000780980000,0x0000000780980000,0x000000078ba80000)
  from space 15872K, 60% used [0x000000078ba80000,0x000000078c3d6cf8,0x000000078ca00000)
  to   space 15360K, 0% used [0x0000000793780000,0x0000000793780000,0x0000000794680000)
 ParOldGen       total 96768K, used 23744K [0x0000000701c00000, 0x0000000707a80000, 0x0000000780980000)
  object space 96768K, 24% used [0x0000000701c00000,0x00000007033303e0,0x0000000707a80000)
 Metaspace       used 25336K, capacity 25609K, committed 26112K, reserved 1073152K
  class space    used 3132K, capacity 3211K, committed 3328K, reserved 1048576K
}
Event: 10.444 GC heap before
{Heap before GC invocations=12 (full 2):
 PSYoungGen      total 197120K, used 190811K [0x0000000780980000, 0x0000000794680000, 0x00000007c0000000)
  eden space 181248K, 100% used [0x0000000780980000,0x000000078ba80000,0x000000078ba80000)
  from space 15872K, 60% used [0x000000078ba80000,0x000000078c3d6cf8,0x000000078ca00000)
  to   space 15360K, 0% used [0x0000000793780000,0x0000000793780000,0x0000000794680000)
 ParOldGen       total 96768K, used 23744K [0x0000000701c00000, 0x0000000707a80000, 0x0000000780980000)
  object space 96768K, 24% used [0x0000000701c00000,0x00000007033303e0,0x0000000707a80000)
 Metaspace       used 26088K, capacity 26313K, committed 26624K, reserved 1073152K
  class space    used 3224K, capacity 3275K, committed 3328K, reserved 1048576K
Event: 10.472 GC heap after
Heap after GC invocations=12 (full 2):
 PSYoungGen      total 262144K, used 15344K [0x0000000780980000, 0x0000000794680000, 0x00000007c0000000)
  eden space 246784K, 0% used [0x0000000780980000,0x0000000780980000,0x000000078fa80000)
  from space 15360K, 99% used [0x0000000793780000,0x000000079467c1e8,0x0000000794680000)
  to   space 25088K, 0% used [0x0000000791580000,0x0000000791580000,0x0000000792e00000)
 ParOldGen       total 96768K, used 45840K [0x0000000701c00000, 0x0000000707a80000, 0x0000000780980000)
  object space 96768K, 47% used [0x0000000701c00000,0x00000007048c4250,0x0000000707a80000)
 Metaspace       used 26088K, capacity 26313K, committed 26624K, reserved 1073152K
  class space    used 3224K, capacity 3275K, committed 3328K, reserved 1048576K
}
Event: 12.648 GC heap before
{Heap before GC invocations=13 (full 2):
 PSYoungGen      total 262144K, used 262128K [0x0000000780980000, 0x0000000794680000, 0x00000007c0000000)
  eden space 246784K, 100% used [0x0000000780980000,0x000000078fa80000,0x000000078fa80000)
  from space 15360K, 99% used [0x0000000793780000,0x000000079467c1e8,0x0000000794680000)
  to   space 25088K, 0% used [0x0000000791580000,0x0000000791580000,0x0000000792e00000)
 ParOldGen       total 96768K, used 45840K [0x0000000701c00000, 0x0000000707a80000, 0x0000000780980000)
  object space 96768K, 47% used [0x0000000701c00000,0x00000007048c4250,0x0000000707a80000)
 Metaspace       used 26121K, capacity 26313K, committed 26624K, reserved 1073152K
  class space    used 3224K, capacity 3275K, committed 3328K, reserved 1048576K
Event: 12.698 GC heap after
Heap after GC invocations=13 (full 2):
 PSYoungGen      total 299520K, used 25072K [0x0000000780980000, 0x000000079a780000, 0x00000007c0000000)
  eden space 274432K, 0% used [0x0000000780980000,0x0000000780980000,0x0000000791580000)
  from space 25088K, 99% used [0x0000000791580000,0x0000000792dfc3f0,0x0000000792e00000)
  to   space 44032K, 0% used [0x0000000797c80000,0x0000000797c80000,0x000000079a780000)
 ParOldGen       total 96768K, used 86557K [0x0000000701c00000, 0x0000000707a80000, 0x0000000780980000)
  object space 96768K, 89% used [0x0000000701c00000,0x0000000707087598,0x0000000707a80000)
 Metaspace       used 26121K, capacity 26313K, committed 26624K, reserved 1073152K
  class space    used 3224K, capacity 3275K, committed 3328K, reserved 1048576K
}
Event: 12.698 GC heap before
{Heap before GC invocations=14 (full 3):
 PSYoungGen      total 299520K, used 25072K [0x0000000780980000, 0x000000079a780000, 0x00000007c0000000)
  eden space 274432K, 0% used [0x0000000780980000,0x0000000780980000,0x0000000791580000)
  from space 25088K, 99% used [0x0000000791580000,0x0000000792dfc3f0,0x0000000792e00000)
  to   space 44032K, 0% used [0x0000000797c80000,0x0000000797c80000,0x000000079a780000)
 ParOldGen       total 96768K, used 86557K [0x0000000701c00000, 0x0000000707a80000, 0x0000000780980000)
  object space 96768K, 89% used [0x0000000701c00000,0x0000000707087598,0x0000000707a80000)
 Metaspace       used 26121K, capacity 26313K, committed 26624K, reserved 1073152K
  class space    used 3224K, capacity 3275K, committed 3328K, reserved 1048576K
Event: 12.777 GC heap after
Heap after GC invocations=14 (full 3):
 PSYoungGen      total 299520K, used 0K [0x0000000780980000, 0x000000079a780000, 0x00000007c0000000)
  eden space 274432K, 0% used [0x0000000780980000,0x0000000780980000,0x0000000791580000)
  from space 25088K, 0% used [0x0000000791580000,0x0000000791580000,0x0000000792e00000)
  to   space 44032K, 0% used [0x0000000797c80000,0x0000000797c80000,0x000000079a780000)
 ParOldGen       total 202240K, used 85856K [0x0000000701c00000, 0x000000070e180000, 0x0000000780980000)
  object space 202240K, 42% used [0x0000000701c00000,0x0000000706fd8280,0x000000070e180000)
 Metaspace       used 26121K, capacity 26313K, committed 26624K, reserved 1073152K
  class space    used 3224K, capacity 3275K, committed 3328K, reserved 1048576K
}
Event: 14.323 GC heap before
{Heap before GC invocations=15 (full 3):
 PSYoungGen      total 299520K, used 274432K [0x0000000780980000, 0x000000079a780000, 0x00000007c0000000)
  eden space 274432K, 100% used [0x0000000780980000,0x0000000791580000,0x0000000791580000)
  from space 25088K, 0% used [0x0000000791580000,0x0000000791580000,0x0000000792e00000)
  to   space 44032K, 0% used [0x0000000797c80000,0x0000000797c80000,0x000000079a780000)
 ParOldGen       total 202240K, used 85856K [0x0000000701c00000, 0x000000070e180000, 0x0000000780980000)
  object space 202240K, 42% used [0x0000000701c00000,0x0000000706fd8280,0x000000070e180000)
 Metaspace       used 26153K, capacity 26313K, committed 26624K, reserved 1073152K
  class space    used 3224K, capacity 3275K, committed 3328K, reserved 1048576K
Event: 14.369 GC heap after
Heap after GC invocations=15 (full 3):
 PSYoungGen      total 367616K, used 44030K [0x0000000780980000, 0x000000079ec80000, 0x00000007c0000000)
  eden space 323584K, 0% used [0x0000000780980000,0x0000000780980000,0x0000000794580000)
  from space 44032K, 99% used [0x0000000797c80000,0x000000079a77f960,0x000000079a780000)
  to   space 56320K, 0% used [0x0000000794580000,0x0000000794580000,0x0000000797c80000)
 ParOldGen       total 202240K, used 100353K [0x0000000701c00000, 0x000000070e180000, 0x0000000780980000)
  object space 202240K, 49% used [0x0000000701c00000,0x0000000707e00760,0x000000070e180000)
 Metaspace       used 26153K, capacity 26313K, committed 26624K, reserved 1073152K
  class space    used 3224K, capacity 3275K, committed 3328K, reserved 1048576K
}

